<?xml version="1.0" encoding="UTF-8"?>
<!-- Generated by org.testng.reporters.JUnitXMLReporter -->
<testsuite ignored="0" hostname="DESKTOP-M4GRLMR" failures="0" tests="3" name="MyPackage" time="39.552" errors="0" timestamp="2023-10-24T20:59:27 EET">
  <testcase classname="MyPackage.MyClass" name="PowerFunctionTest" time="3.626"/>
  <testcase classname="MyPackage.MyClass" name="TestAdditionProcess" time="3.548"/>
  <testcase classname="MyPackage.MyClass" name="TestSubtractionProcess" time="3.447"/>
</testsuite> <!-- MyPackage -->
