<?xml version="1.0" encoding="UTF-8"?>
<!-- Generated by org.testng.reporters.JUnitXMLReporter -->
<testsuite ignored="1" hostname="DESKTOP-M4GRLMR" failures="0" tests="2" name="GRP-high priortiy" time="13.026" errors="0" timestamp="2023-10-24T21:00:40 EET">
  <testcase classname="MyPackage.MyClass" name="PowerFunctionTest" time="6.091"/>
  <testcase classname="MyPackage.MyClass" name="TestAdditionProcess" time="6.909"/>
  <testcase classname="MyPackage.MyClass" name="TestSubtractionProcess" time="0.0">
    <ignored/>
  </testcase> <!-- TestSubtractionProcess -->
</testsuite> <!-- GRP-high priortiy -->
