<?xml version="1.0" encoding="UTF-8"?>
<testng-results ignored="0" total="3" passed="2" failed="1" skipped="0">
  <reporter-output>
  </reporter-output>
  <suite started-at="2023-10-24T21:25:34 EET" name="Default suite" finished-at="2023-10-24T21:26:15 EET" duration-ms="40713">
    <groups>
      <group name="low priortiy">
        <method signature="MyClass.TestSubtractionProcess()[pri:0, instance:MyPackage.MyClass@38d8f54a]" name="TestSubtractionProcess" class="MyPackage.MyClass"/>
      </group> <!-- low priortiy -->
      <group name="high priortiy">
        <method signature="MyClass.PowerFunctionTest()[pri:0, instance:MyPackage.MyClass@38d8f54a]" name="PowerFunctionTest" class="MyPackage.MyClass"/>
        <method signature="MyClass.TestAdditionProcess()[pri:0, instance:MyPackage.MyClass@38d8f54a]" name="TestAdditionProcess" class="MyPackage.MyClass"/>
      </group> <!-- high priortiy -->
    </groups>
    <test started-at="2023-10-24T21:25:34 EET" name="Default test" finished-at="2023-10-24T21:26:15 EET" duration-ms="40713">
      <class name="MyPackage.MyClass">
        <test-method is-config="true" signature="mySetup()[pri:0, instance:MyPackage.MyClass@38d8f54a]" started-at="2023-10-24T21:25:34 EET" name="mySetup" finished-at="2023-10-24T21:25:34 EET" duration-ms="9" status="PASS">
          <reporter-output>
          </reporter-output>
        </test-method> <!-- mySetup -->
        <test-method signature="PowerFunctionTest()[pri:0, instance:MyPackage.MyClass@38d8f54a]" started-at="2023-10-24T21:25:34 EET" name="PowerFunctionTest" finished-at="2023-10-24T21:25:47 EET" duration-ms="12911" status="PASS">
          <reporter-output>
          </reporter-output>
        </test-method> <!-- PowerFunctionTest -->
        <test-method signature="TestAdditionProcess()[pri:0, instance:MyPackage.MyClass@38d8f54a]" started-at="2023-10-24T21:25:47 EET" name="TestAdditionProcess" finished-at="2023-10-24T21:26:01 EET" duration-ms="14154" status="FAIL">
          <exception class="org.openqa.selenium.StaleElementReferenceException">
            <message>
              <![CDATA[Cached elements 'By.clazz: android.widget.ImageButton' do not exist in DOM anymore
For documentation on this error, please visit: https://selenium.dev/exceptions/#stale_element_reference
Build info: version: '4.8.3', revision: 'e5e76298c3'
System info: os.name: 'Windows 11', os.arch: 'amd64', os.version: '10.0', java.version: '17.0.8'
Driver info: io.appium.java_client.android.AndroidDriver
Command: [6fa23199-5942-45aa-9d8f-8e27651b5bb7, getElementAttribute {id=00000000-0000-009a-ffff-ffff0000005f, name=resource-id}]
Capabilities {appium:app: D:\Selenium Real Projects\A..., appium:appPackage: com.google.android.calculator, appium:databaseEnabled: false, appium:desired: {app: D:\Selenium Real Projects\A..., deviceName: qa, platformName: android}, appium:deviceApiLevel: 30, appium:deviceManufacturer: Google, appium:deviceModel: sdk_gphone_x86, appium:deviceName: emulator-5554, appium:deviceScreenDensity: 440, appium:deviceScreenSize: 1080x2220, appium:deviceUDID: emulator-5554, appium:javascriptEnabled: true, appium:locationContextEnabled: false, appium:networkConnectionEnabled: true, appium:pixelRatio: 2.75, appium:platformVersion: 11, appium:statBarHeight: 66, appium:takesScreenshot: true, appium:viewportRect: {height: 2022, left: 0, top: 66, width: 1080}, appium:warnings: {}, appium:webStorageEnabled: false, platformName: ANDROID}
Element: [[AndroidDriver:  on ANDROID (6fa23199-5942-45aa-9d8f-8e27651b5bb7)] -> class name: android.widget.ImageButton]
Session ID: 6fa23199-5942-45aa-9d8f-8e27651b5bb7]]>
            </message>
            <full-stacktrace>
              <![CDATA[org.openqa.selenium.StaleElementReferenceException: Cached elements 'By.clazz: android.widget.ImageButton' do not exist in DOM anymore
For documentation on this error, please visit: https://selenium.dev/exceptions/#stale_element_reference
Build info: version: '4.8.3', revision: 'e5e76298c3'
System info: os.name: 'Windows 11', os.arch: 'amd64', os.version: '10.0', java.version: '17.0.8'
Driver info: io.appium.java_client.android.AndroidDriver
Command: [6fa23199-5942-45aa-9d8f-8e27651b5bb7, getElementAttribute {id=00000000-0000-009a-ffff-ffff0000005f, name=resource-id}]
Capabilities {appium:app: D:\Selenium Real Projects\A..., appium:appPackage: com.google.android.calculator, appium:databaseEnabled: false, appium:desired: {app: D:\Selenium Real Projects\A..., deviceName: qa, platformName: android}, appium:deviceApiLevel: 30, appium:deviceManufacturer: Google, appium:deviceModel: sdk_gphone_x86, appium:deviceName: emulator-5554, appium:deviceScreenDensity: 440, appium:deviceScreenSize: 1080x2220, appium:deviceUDID: emulator-5554, appium:javascriptEnabled: true, appium:locationContextEnabled: false, appium:networkConnectionEnabled: true, appium:pixelRatio: 2.75, appium:platformVersion: 11, appium:statBarHeight: 66, appium:takesScreenshot: true, appium:viewportRect: {height: 2022, left: 0, top: 66, width: 1080}, appium:warnings: {}, appium:webStorageEnabled: false, platformName: ANDROID}
Element: [[AndroidDriver:  on ANDROID (6fa23199-5942-45aa-9d8f-8e27651b5bb7)] -> class name: android.widget.ImageButton]
Session ID: 6fa23199-5942-45aa-9d8f-8e27651b5bb7
at java.base/jdk.internal.reflect.NativeConstructorAccessorImpl.newInstance0(Native Method)
at java.base/jdk.internal.reflect.NativeConstructorAccessorImpl.newInstance(NativeConstructorAccessorImpl.java:77)
at java.base/jdk.internal.reflect.DelegatingConstructorAccessorImpl.newInstance(DelegatingConstructorAccessorImpl.java:45)
at java.base/java.lang.reflect.Constructor.newInstanceWithCaller(Constructor.java:499)
at java.base/java.lang.reflect.Constructor.newInstance(Constructor.java:480)
at org.openqa.selenium.remote.codec.w3c.W3CHttpResponseCodec.createException(W3CHttpResponseCodec.java:200)
at org.openqa.selenium.remote.codec.w3c.W3CHttpResponseCodec.decode(W3CHttpResponseCodec.java:133)
at org.openqa.selenium.remote.codec.w3c.W3CHttpResponseCodec.decode(W3CHttpResponseCodec.java:53)
at org.openqa.selenium.remote.HttpCommandExecutor.execute(HttpCommandExecutor.java:193)
at io.appium.java_client.remote.AppiumCommandExecutor.execute(AppiumCommandExecutor.java:262)
at org.openqa.selenium.remote.RemoteWebDriver.execute(RemoteWebDriver.java:543)
at org.openqa.selenium.remote.RemoteWebElement.execute(RemoteWebElement.java:257)
at org.openqa.selenium.remote.RemoteWebElement.getAttribute(RemoteWebElement.java:158)
at MyPackage.Parameter.AdditionFunction(Parameter.java:21)
at MyPackage.MyClass.TestAdditionProcess(MyClass.java:49)
at java.base/jdk.internal.reflect.NativeMethodAccessorImpl.invoke0(Native Method)
at java.base/jdk.internal.reflect.NativeMethodAccessorImpl.invoke(NativeMethodAccessorImpl.java:77)
at java.base/jdk.internal.reflect.DelegatingMethodAccessorImpl.invoke(DelegatingMethodAccessorImpl.java:43)
at java.base/java.lang.reflect.Method.invoke(Method.java:568)
at org.testng.internal.MethodInvocationHelper.invokeMethod(MethodInvocationHelper.java:133)
at org.testng.internal.TestInvoker.invokeMethod(TestInvoker.java:598)
at org.testng.internal.TestInvoker.invokeTestMethod(TestInvoker.java:173)
at org.testng.internal.MethodRunner.runInSequence(MethodRunner.java:46)
at org.testng.internal.TestInvoker$MethodInvocationAgent.invoke(TestInvoker.java:824)
at org.testng.internal.TestInvoker.invokeTestMethods(TestInvoker.java:146)
at org.testng.internal.TestMethodWorker.invokeTestMethods(TestMethodWorker.java:146)
at org.testng.internal.TestMethodWorker.run(TestMethodWorker.java:128)
at java.base/java.util.ArrayList.forEach(ArrayList.java:1511)
at org.testng.TestRunner.privateRun(TestRunner.java:794)
at org.testng.TestRunner.run(TestRunner.java:596)
at org.testng.SuiteRunner.runTest(SuiteRunner.java:377)
at org.testng.SuiteRunner.runSequentially(SuiteRunner.java:371)
at org.testng.SuiteRunner.privateRun(SuiteRunner.java:332)
at org.testng.SuiteRunner.run(SuiteRunner.java:276)
at org.testng.SuiteRunnerWorker.runSuite(SuiteRunnerWorker.java:53)
at org.testng.SuiteRunnerWorker.run(SuiteRunnerWorker.java:96)
at org.testng.TestNG.runSuitesSequentially(TestNG.java:1212)
at org.testng.TestNG.runSuitesLocally(TestNG.java:1134)
at org.testng.TestNG.runSuites(TestNG.java:1063)
at org.testng.TestNG.run(TestNG.java:1031)
at org.testng.remote.AbstractRemoteTestNG.run(AbstractRemoteTestNG.java:115)
at org.testng.remote.RemoteTestNG.initAndRun(RemoteTestNG.java:251)
at org.testng.remote.RemoteTestNG.main(RemoteTestNG.java:77)
]]>
            </full-stacktrace>
          </exception> <!-- org.openqa.selenium.StaleElementReferenceException -->
          <reporter-output>
          </reporter-output>
        </test-method> <!-- TestAdditionProcess -->
        <test-method signature="TestSubtractionProcess()[pri:0, instance:MyPackage.MyClass@38d8f54a]" started-at="2023-10-24T21:26:01 EET" name="TestSubtractionProcess" finished-at="2023-10-24T21:26:15 EET" duration-ms="13620" status="PASS">
          <reporter-output>
          </reporter-output>
        </test-method> <!-- TestSubtractionProcess -->
        <test-method is-config="true" signature="postTesting()[pri:0, instance:MyPackage.MyClass@38d8f54a]" started-at="2023-10-24T21:26:15 EET" name="postTesting" finished-at="2023-10-24T21:26:15 EET" duration-ms="0" status="PASS">
          <reporter-output>
          </reporter-output>
        </test-method> <!-- postTesting -->
      </class> <!-- MyPackage.MyClass -->
    </test> <!-- Default test -->
  </suite> <!-- Default suite -->
</testng-results>
